<?xml version="1.0" encoding="UTF-8"?>
<testsuite xmlns:xsi="http://www.w3.org/2001/XMLSchema-instance" xsi:noNamespaceSchemaLocation="https://maven.apache.org/surefire/maven-surefire-plugin/xsd/surefire-test-report.xsd" version="3.0.2" name="com.pedigree.data.PedigreeCsvIntegrityTest" time="0.019" tests="5" errors="0" skipped="0" failures="0">
  <properties>
[...]
</properties>
  <testcase name="cleanCsvPassesAll" classname="com.pedigree.data.PedigreeCsvIntegrityTest" time="0.014"/>
  <testcase name="immediateLoopFailsDirectedCycleCheck" classname="com.pedigree.data.PedigreeCsvIntegrityTest" time="0.002"/>
  <testcase name="longCycleFailsDirectedCycleCheck" classname="com.pedigree.data.PedigreeCsvIntegrityTest" time="0.0"/>
  <testcase name="duplicateIdFailsUniquenessCheck" classname="com.pedigree.data.PedigreeCsvIntegrityTest" time="0.001"/>
  <testcase name="badParentIdFailsParentRefCheck" classname="com.pedigree.data.PedigreeCsvIntegrityTest" time="0.001"/>
</testsuite>